2024-12-09T02:19:44.322+03:00  INFO 33492 --- [restartedMain] org.sasha.Main                           : Starting Main using Java 21.0.5 with PID 33492 (C:\Users\bomsh\IdeaProjects\Fuel_level_control_norm\target\classes started by bomsh in C:\Users\bomsh\IdeaProjects\Fuel_level_control_norm)
2024-12-09T02:19:44.325+03:00 DEBUG 33492 --- [restartedMain] org.sasha.Main                           : Running with Spring Boot v3.1.5, Spring v6.0.13
2024-12-09T02:19:44.326+03:00  INFO 33492 --- [restartedMain] org.sasha.Main                           : No active profile set, falling back to 1 default profile: "default"
2024-12-09T02:19:44.374+03:00  INFO 33492 --- [restartedMain] .e.DevToolsPropertyDefaultsPostProcessor : Devtools property defaults active! Set 'spring.devtools.add-properties' to 'false' to disable
2024-12-09T02:19:44.375+03:00  INFO 33492 --- [restartedMain] .e.DevToolsPropertyDefaultsPostProcessor : For additional web related logging consider setting the 'logging.level.web' property to 'DEBUG'
2024-12-09T02:19:44.994+03:00  INFO 33492 --- [restartedMain] .s.d.r.c.RepositoryConfigurationDelegate : Bootstrapping Spring Data JPA repositories in DEFAULT mode.
2024-12-09T02:19:45.055+03:00  INFO 33492 --- [restartedMain] .s.d.r.c.RepositoryConfigurationDelegate : Finished Spring Data repository scanning in 50 ms. Found 2 JPA repository interfaces.
2024-12-09T02:19:45.568+03:00  INFO 33492 --- [restartedMain] o.s.b.w.embedded.tomcat.TomcatWebServer  : Tomcat initialized with port(s): 8090 (http)
2024-12-09T02:19:45.578+03:00  INFO 33492 --- [restartedMain] o.apache.catalina.core.StandardService   : Starting service [Tomcat]
2024-12-09T02:19:45.579+03:00  INFO 33492 --- [restartedMain] o.apache.catalina.core.StandardEngine    : Starting Servlet engine: [Apache Tomcat/10.1.15]
2024-12-09T02:19:45.637+03:00  INFO 33492 --- [restartedMain] o.a.c.c.C.[Tomcat].[localhost].[/]       : Initializing Spring embedded WebApplicationContext
2024-12-09T02:19:45.637+03:00  INFO 33492 --- [restartedMain] w.s.c.ServletWebServerApplicationContext : Root WebApplicationContext: initialization completed in 1262 ms
2024-12-09T02:19:45.769+03:00  INFO 33492 --- [restartedMain] o.hibernate.jpa.internal.util.LogHelper  : HHH000204: Processing PersistenceUnitInfo [name: default]
2024-12-09T02:19:45.841+03:00  INFO 33492 --- [restartedMain] org.hibernate.Version                    : HHH000412: Hibernate ORM core version 6.2.13.Final
2024-12-09T02:19:45.843+03:00  INFO 33492 --- [restartedMain] org.hibernate.cfg.Environment            : HHH000406: Using bytecode reflection optimizer
2024-12-09T02:19:46.168+03:00  INFO 33492 --- [restartedMain] o.s.o.j.p.SpringPersistenceUnitInfo      : No LoadTimeWeaver setup: ignoring JPA class transformer
2024-12-09T02:19:46.194+03:00  INFO 33492 --- [restartedMain] com.zaxxer.hikari.HikariDataSource       : HikariPool-1 - Starting...
2024-12-09T02:19:46.390+03:00  INFO 33492 --- [restartedMain] com.zaxxer.hikari.pool.HikariPool        : HikariPool-1 - Added connection org.postgresql.jdbc.PgConnection@6250732f
2024-12-09T02:19:46.391+03:00  INFO 33492 --- [restartedMain] com.zaxxer.hikari.HikariDataSource       : HikariPool-1 - Start completed.
2024-12-09T02:19:47.282+03:00  INFO 33492 --- [restartedMain] o.h.e.t.j.p.i.JtaPlatformInitiator       : HHH000489: No JTA platform available (set 'hibernate.transaction.jta.platform' to enable JTA platform integration)
2024-12-09T02:19:47.284+03:00  INFO 33492 --- [restartedMain] j.LocalContainerEntityManagerFactoryBean : Initialized JPA EntityManagerFactory for persistence unit 'default'
2024-12-09T02:19:47.581+03:00  INFO 33492 --- [restartedMain] o.s.d.j.r.query.QueryEnhancerFactory     : Hibernate is in classpath; If applicable, HQL parser will be used.
2024-12-09T02:19:48.078+03:00  WARN 33492 --- [restartedMain] JpaBaseConfiguration$JpaWebConfiguration : spring.jpa.open-in-view is enabled by default. Therefore, database queries may be performed during view rendering. Explicitly configure spring.jpa.open-in-view to disable this warning
2024-12-09T02:19:48.444+03:00  INFO 33492 --- [restartedMain] o.s.b.d.a.OptionalLiveReloadServer       : LiveReload server is running on port 35729
2024-12-09T02:19:48.487+03:00  INFO 33492 --- [restartedMain] o.s.b.w.embedded.tomcat.TomcatWebServer  : Tomcat started on port(s): 8090 (http) with context path ''
2024-12-09T02:19:48.495+03:00  INFO 33492 --- [restartedMain] org.sasha.Main                           : Started Main in 4.554 seconds (process running for 8.368)
2024-12-09T02:19:54.742+03:00  INFO 33492 --- [http-nio-8090-exec-1] o.a.c.c.C.[Tomcat].[localhost].[/]       : Initializing Spring DispatcherServlet 'dispatcherServlet'
2024-12-09T02:19:54.742+03:00  INFO 33492 --- [http-nio-8090-exec-1] o.s.web.servlet.DispatcherServlet        : Initializing Servlet 'dispatcherServlet'
2024-12-09T02:19:54.743+03:00  INFO 33492 --- [http-nio-8090-exec-1] o.s.web.servlet.DispatcherServlet        : Completed initialization in 1 ms
2024-12-09T02:32:55.168+03:00  INFO 33492 --- [SpringApplicationShutdownHook] j.LocalContainerEntityManagerFactoryBean : Closing JPA EntityManagerFactory for persistence unit 'default'
2024-12-09T02:32:55.171+03:00  INFO 33492 --- [SpringApplicationShutdownHook] com.zaxxer.hikari.HikariDataSource       : HikariPool-1 - Shutdown initiated...
2024-12-09T02:32:55.177+03:00  INFO 33492 --- [SpringApplicationShutdownHook] com.zaxxer.hikari.HikariDataSource       : HikariPool-1 - Shutdown completed.
